<?xml version="1.0" encoding="UTF-8"?>
<!-- Generated by org.testng.reporters.JUnitXMLReporter -->
<testsuite ignored="2" hostname="JP" failures="0" tests="0" time="0.015" errors="0" timestamp="2024-11-15T16:15:17 IST">
  <testcase classname="SeleniumFrameworkDesignTest.StandaloneTest2" name="submitorder" time="0.0">
    <ignored/>
  </testcase> <!-- submitorder -->
  <testcase classname="SeleniumFrameworkDesignTest.StandaloneTest2" name="OrderHistoryTest" time="0.0">
    <ignored/>
  </testcase> <!-- OrderHistoryTest -->
</testsuite>
